2014-12-26 00:49:20 [CLIENT] [INFO] Setting user: Player213
2014-12-26 00:49:21 [CLIENT] [INFO] LWJGL Version: 2.9.0
2014-12-26 00:49:21 [CLIENT] [INFO] Reloading ResourceManager: Default
2014-12-26 00:49:23 [CLIENT] [INFO] Reloading ResourceManager: Default, FMLFileResourcePack:Forge Mod Loader, FMLFileResourcePack:Minecraft Forge, FMLFileResourcePack:Mad Science, FMLFileResourcePack:CoFH Core, FMLFileResourcePack:CoFH Loot, FMLFileResourcePack:CoFH Masquerade, FMLFileResourcePack:CoFH Social, FMLFileResourcePack:CoFH World
2014-12-26 00:50:05 [CLIENT] [INFO] Setting user: Player890
2014-12-26 00:50:06 [CLIENT] [INFO] LWJGL Version: 2.9.0
2014-12-26 00:50:07 [CLIENT] [INFO] Reloading ResourceManager: Default
2014-12-26 00:50:10 [CLIENT] [INFO] Reloading ResourceManager: Default, FMLFileResourcePack:Forge Mod Loader, FMLFileResourcePack:Minecraft Forge, FMLFileResourcePack:Not Enough Items, FMLFileResourcePack:Mad Science, FMLFileResourcePack:CoFH Core, FMLFileResourcePack:CoFH Loot, FMLFileResourcePack:CoFH Masquerade, FMLFileResourcePack:CoFH Social, FMLFileResourcePack:CoFH World, FMLFileResourcePack:BC Builders, FMLFileResourcePack:BuildCraft, FMLFileResourcePack:BC Energy, FMLFileResourcePack:BC Factory, FMLFileResourcePack:BC Silicon, FMLFileResourcePack:BC Transport, FMLFileResourcePack:IndustrialCraft 2, FMLFileResourcePack:Railcraft, FMLFileResourcePack:Thermal Expansion, FMLFileResourcePack:Forge Microblocks, FMLFileResourcePack:Forge Multipart, FMLFileResourcePack:Minecraft Multipart Plugin
2014-12-26 00:50:16 [CLIENT] [SEVERE] Using missing texture, unable to load: ic2:textures/items/plasmaLauncher.png
2014-12-26 00:50:18 [CLIENT] [INFO] Reloading ResourceManager: Default, FMLFileResourcePack:Forge Mod Loader, FMLFileResourcePack:Minecraft Forge, FMLFileResourcePack:Not Enough Items, FMLFileResourcePack:Mad Science, FMLFileResourcePack:CoFH Core, FMLFileResourcePack:CoFH Loot, FMLFileResourcePack:CoFH Masquerade, FMLFileResourcePack:CoFH Social, FMLFileResourcePack:CoFH World, FMLFileResourcePack:BC Builders, FMLFileResourcePack:BuildCraft, FMLFileResourcePack:BC Energy, FMLFileResourcePack:BC Factory, FMLFileResourcePack:BC Silicon, FMLFileResourcePack:BC Transport, FMLFileResourcePack:IndustrialCraft 2, FMLFileResourcePack:Railcraft, FMLFileResourcePack:Thermal Expansion, FMLFileResourcePack:Forge Microblocks, FMLFileResourcePack:Forge Multipart, FMLFileResourcePack:Minecraft Multipart Plugin
2014-12-26 00:50:18 [CLIENT] [SEVERE] Using missing texture, unable to load: ic2:textures/items/plasmaLauncher.png
2014-12-26 00:50:18 [CLIENT] [SEVERE] Using missing texture, unable to load: thermalexpansion:textures/blocks/device/Device_Face_Lexicon.png
2014-12-26 00:50:18 [CLIENT] [SEVERE] Using missing texture, unable to load: thermalexpansion:textures/blocks/device/Device_Active_Lexicon.png
2014-12-26 00:50:19 [CLIENT] [SEVERE] Realms: Server not available!
2014-12-26 00:50:34 [CLIENT] [INFO] [CHAT] Version 0.9.0.9 of CodeChickenCore is available
2014-12-26 00:50:42 [CLIENT] [INFO] [CHAT] Railcraft 9.3.1.0 is available from <http://railcraft.info>
2014-12-26 00:51:48 [CLIENT] [INFO] [CHAT] Giving Player890 1 of Water Bucket
2014-12-26 00:52:31 [CLIENT] [INFO] Stopping!
2014-12-26 00:53:35 [CLIENT] [INFO] Setting user: Player724
2014-12-26 00:53:36 [CLIENT] [INFO] LWJGL Version: 2.9.0
2014-12-26 00:53:36 [CLIENT] [INFO] Reloading ResourceManager: Default
2014-12-26 00:53:39 [CLIENT] [INFO] Reloading ResourceManager: Default, FMLFileResourcePack:Forge Mod Loader, FMLFileResourcePack:Minecraft Forge, FMLFileResourcePack:Not Enough Items, FMLFileResourcePack:Mad Science, FMLFileResourcePack:CoFH Core, FMLFileResourcePack:CoFH Loot, FMLFileResourcePack:CoFH Masquerade, FMLFileResourcePack:CoFH Social, FMLFileResourcePack:CoFH World, FMLFileResourcePack:BC Builders, FMLFileResourcePack:BuildCraft, FMLFileResourcePack:BC Energy, FMLFileResourcePack:BC Factory, FMLFileResourcePack:BC Silicon, FMLFileResourcePack:BC Transport, FMLFileResourcePack:IndustrialCraft 2, FMLFileResourcePack:Railcraft, FMLFileResourcePack:Thermal Expansion, FMLFileResourcePack:Forge Microblocks, FMLFileResourcePack:Forge Multipart, FMLFileResourcePack:Minecraft Multipart Plugin
2014-12-26 00:53:46 [CLIENT] [SEVERE] Using missing texture, unable to load: ic2:textures/items/plasmaLauncher.png
2014-12-26 00:53:47 [CLIENT] [INFO] Reloading ResourceManager: Default, FMLFileResourcePack:Forge Mod Loader, FMLFileResourcePack:Minecraft Forge, FMLFileResourcePack:Not Enough Items, FMLFileResourcePack:Mad Science, FMLFileResourcePack:CoFH Core, FMLFileResourcePack:CoFH Loot, FMLFileResourcePack:CoFH Masquerade, FMLFileResourcePack:CoFH Social, FMLFileResourcePack:CoFH World, FMLFileResourcePack:BC Builders, FMLFileResourcePack:BuildCraft, FMLFileResourcePack:BC Energy, FMLFileResourcePack:BC Factory, FMLFileResourcePack:BC Silicon, FMLFileResourcePack:BC Transport, FMLFileResourcePack:IndustrialCraft 2, FMLFileResourcePack:Railcraft, FMLFileResourcePack:Thermal Expansion, FMLFileResourcePack:Forge Microblocks, FMLFileResourcePack:Forge Multipart, FMLFileResourcePack:Minecraft Multipart Plugin
2014-12-26 00:53:47 [CLIENT] [SEVERE] Using missing texture, unable to load: ic2:textures/items/plasmaLauncher.png
2014-12-26 00:53:48 [CLIENT] [SEVERE] Using missing texture, unable to load: thermalexpansion:textures/blocks/device/Device_Face_Lexicon.png
2014-12-26 00:53:48 [CLIENT] [SEVERE] Using missing texture, unable to load: thermalexpansion:textures/blocks/device/Device_Active_Lexicon.png
2014-12-26 00:53:49 [CLIENT] [SEVERE] Realms: Server not available!
2014-12-26 00:53:51 [CLIENT] [INFO] Stopping!
