2014-12-26 01:23:55 [SERVER] [INFO] Starting integrated minecraft server version 1.6.4
2014-12-26 01:23:55 [SERVER] [INFO] Generating keypair
2014-12-26 01:23:55 [SERVER] [INFO] Converting map!
2014-12-26 01:23:55 [SERVER] [INFO] Scanning folders...
2014-12-26 01:23:55 [SERVER] [INFO] Total conversion count is 0
2014-12-26 01:23:57 [SERVER] [INFO] Preparing start region for level 0
2014-12-26 01:23:58 [SERVER] [INFO] Preparing spawn area: 54%
2014-12-26 01:23:59 [SERVER] [INFO] Player542[/127.0.0.1:0] logged in with entity id 2 at (-488.5, 4.0, -713.5)
2014-12-26 01:23:59 [SERVER] [INFO] Player542 joined the game
2014-12-26 01:24:47 [SERVER] [INFO] Saving and pausing game...
2014-12-26 01:24:47 [SERVER] [INFO] Saving chunks for level 'New World'/Overworld
2014-12-26 01:24:47 [SERVER] [INFO] Saving chunks for level 'New World'/Nether
2014-12-26 01:24:47 [SERVER] [INFO] Saving chunks for level 'New World'/The End
2014-12-26 01:24:48 [SERVER] [INFO] Player542 lost connection: disconnect.quitting
2014-12-26 01:24:48 [SERVER] [INFO] Player542 left the game
2014-12-26 01:24:48 [SERVER] [INFO] Stopping singleplayer server as player logged out
2014-12-26 01:24:48 [SERVER] [INFO] Stopping server
2014-12-26 01:24:48 [SERVER] [INFO] Saving players
2014-12-26 01:24:48 [SERVER] [INFO] Saving worlds
2014-12-26 01:24:48 [SERVER] [INFO] Saving chunks for level 'New World'/Overworld
2014-12-26 01:24:48 [SERVER] [INFO] Saving chunks for level 'New World'/Nether
2014-12-26 01:24:48 [SERVER] [INFO] Saving chunks for level 'New World'/The End
